<?xml version="1.0" encoding="UTF-8"?>
<testng-results ignored="0" total="2" passed="2" failed="0" skipped="0">
  <reporter-output>
  </reporter-output>
  <suite started-at="2023-04-09T16:14:46 PKT" name="Test Automation Test Suite" finished-at="2023-04-09T16:15:17 PKT" duration-ms="31186">
    <groups>
    </groups>
    <test started-at="2023-04-09T16:14:46 PKT" name="Sanity Tests" finished-at="2023-04-09T16:15:17 PKT" duration-ms="31186">
      <class name="com.datadriven.test.FacebookDDtest">
        <test-method is-config="true" signature="setUp(java.lang.String)[pri:0, instance:com.datadriven.test.FacebookDDtest@31d7b7bf]" started-at="2023-04-09T16:14:47 PKT" name="setUp" finished-at="2023-04-09T16:15:01 PKT" duration-ms="13985" status="PASS">
          <params>
            <param index="0">
              <value>
                <![CDATA[https://www.facebook.com/]]>
              </value>
            </param>
          </params>
          <reporter-output>
          </reporter-output>
        </test-method> <!-- setUp -->
        <test-method signature="FacebookloginTest(java.lang.String,java.lang.String)[pri:0, instance:com.datadriven.test.FacebookDDtest@31d7b7bf]" started-at="2023-04-09T16:15:01 PKT" name="FacebookloginTest" data-provider="getTestData" finished-at="2023-04-09T16:15:04 PKT" duration-ms="3742" status="PASS">
          <params>
            <param index="0">
              <value>
                <![CDATA[aqib5896@gmail.com]]>
              </value>
            </param>
            <param index="1">
              <value>
                <![CDATA[Test@123]]>
              </value>
            </param>
          </params>
          <reporter-output>
          </reporter-output>
        </test-method> <!-- FacebookloginTest -->
        <test-method is-config="true" signature="tearDown()[pri:0, instance:com.datadriven.test.FacebookDDtest@31d7b7bf]" started-at="2023-04-09T16:15:04 PKT" name="tearDown" finished-at="2023-04-09T16:15:05 PKT" duration-ms="130" status="PASS">
          <reporter-output>
          </reporter-output>
        </test-method> <!-- tearDown -->
        <test-method is-config="true" signature="setUp(java.lang.String)[pri:0, instance:com.datadriven.test.FacebookDDtest@31d7b7bf]" started-at="2023-04-09T16:15:05 PKT" name="setUp" finished-at="2023-04-09T16:15:14 PKT" duration-ms="9727" status="PASS">
          <params>
            <param index="0">
              <value>
                <![CDATA[https://www.facebook.com/]]>
              </value>
            </param>
          </params>
          <reporter-output>
          </reporter-output>
        </test-method> <!-- setUp -->
        <test-method signature="FacebookloginTest(java.lang.String,java.lang.String)[pri:0, instance:com.datadriven.test.FacebookDDtest@31d7b7bf]" started-at="2023-04-09T16:15:14 PKT" name="FacebookloginTest" data-provider="getTestData" finished-at="2023-04-09T16:15:17 PKT" duration-ms="2588" status="PASS">
          <params>
            <param index="0">
              <value>
                <![CDATA[aqib5894@gmail.com]]>
              </value>
            </param>
            <param index="1">
              <value>
                <![CDATA[Test@123]]>
              </value>
            </param>
          </params>
          <reporter-output>
          </reporter-output>
        </test-method> <!-- FacebookloginTest -->
        <test-method is-config="true" signature="tearDown()[pri:0, instance:com.datadriven.test.FacebookDDtest@31d7b7bf]" started-at="2023-04-09T16:15:17 PKT" name="tearDown" finished-at="2023-04-09T16:15:17 PKT" duration-ms="115" status="PASS">
          <reporter-output>
          </reporter-output>
        </test-method> <!-- tearDown -->
      </class> <!-- com.datadriven.test.FacebookDDtest -->
    </test> <!-- Sanity Tests -->
  </suite> <!-- Test Automation Test Suite -->
</testng-results>
